@storybook/cli v7.2.2

info => Cleaning outputDir: C:\Users\namah\AppData\Local\Temp\chromatic--17740-D5KTxxOkxghD
info => Loading presets
info => Building manager..
info => Manager built (296 ms)
info => Copying static files: C:\xampp\htdocs\story1\node_modules\@storybook\manager\static at C:\Users\namah\AppData\Local\Temp\chromatic--17740-D5KTxxOkxghD\sb-common-assets
[36mvite v4.4.9 [32mbuilding for production...[36m[39m

./sb-common-assets/fonts.css doesn't exist at build time, it will remain unchanged to be resolved at runtime
transforming...
node_modules/telejson/dist/index.mjs (1394:15) Use of eval in "node_modules/telejson/dist/index.mjs" is strongly discouraged as it poses security risks and may cause issues with minification.
node_modules/telejson/dist/index.mjs (1397:18) Use of eval in "node_modules/telejson/dist/index.mjs" is strongly discouraged as it poses security risks and may cause issues with minification.
[32m✓[39m 1393 modules transformed.
rendering chunks...
computing gzip size...
[2m../../../Users/namah/AppData/Local/Temp/chromatic--17740-D5KTxxOkxghD/[22m[32massets/youtube-9f26eb0b.svg                         [39m[1m[2m  0.72 kB[22m[1m[22m[2m │ gzip:   0.36 kB[22m
[2m../../../Users/namah/AppData/Local/Temp/chromatic--17740-D5KTxxOkxghD/[22m[32massets/tutorials-adff6365.svg                       [39m[1m[2m  1.27 kB[22m[1m[22m[2m │ gzip:   0.63 kB[22m
[2m../../../Users/namah/AppData/Local/Temp/chromatic--17740-D5KTxxOkxghD/[22m[32massets/discord-f7d1b78c.svg                         [39m[1m[2m  2.41 kB[22m[1m[22m[2m │ gzip:   1.15 kB[22m
[2m../../../Users/namah/AppData/Local/Temp/chromatic--17740-D5KTxxOkxghD/[22m[32massets/github-cdfc3270.svg                          [39m[1m[2m  2.72 kB[22m[1m[22m[2m │ gzip:   1.28 kB[22m
[2m../../../Users/namah/AppData/Local/Temp/chromatic--17740-D5KTxxOkxghD/[22m[32massets/context-c612d889.png                         [39m[1m[2m  6.12 kB[22m[1m[22m
[2m../../../Users/namah/AppData/Local/Temp/chromatic--17740-D5KTxxOkxghD/[22m[32massets/styling-c83082e0.png                         [39m[1m[2m  7.24 kB[22m[1m[22m
[2m../../../Users/namah/AppData/Local/Temp/chromatic--17740-D5KTxxOkxghD/[22m[32miframe.html                                         [39m[1m[2m 12.76 kB[22m[1m[22m[2m │ gzip:   3.57 kB[22m
[2m../../../Users/namah/AppData/Local/Temp/chromatic--17740-D5KTxxOkxghD/[22m[32massets/docs-5b0c7100.png                            [39m[1m[2m 27.88 kB[22m[1m[22m
[2m../../../Users/namah/AppData/Local/Temp/chromatic--17740-D5KTxxOkxghD/[22m[32massets/share-b59d6c77.png                           [39m[1m[2m 40.77 kB[22m[1m[22m
[2m../../../Users/namah/AppData/Local/Temp/chromatic--17740-D5KTxxOkxghD/[22m[32massets/accessibility-cd6d60f7.png                   [39m[1m[2m 42.34 kB[22m[1m[22m
[2m../../../Users/namah/AppData/Local/Temp/chromatic--17740-D5KTxxOkxghD/[22m[32massets/figma-plugin-b0a5ad2d.png                    [39m[1m[2m 44.25 kB[22m[1m[22m
[2m../../../Users/namah/AppData/Local/Temp/chromatic--17740-D5KTxxOkxghD/[22m[32massets/theming-b6e819c3.png                         [39m[1m[2m 44.37 kB[22m[1m[22m
[2m../../../Users/namah/AppData/Local/Temp/chromatic--17740-D5KTxxOkxghD/[22m[32massets/testing-6a59f681.png                         [39m[1m[2m 49.31 kB[22m[1m[22m
[2m../../../Users/namah/AppData/Local/Temp/chromatic--17740-D5KTxxOkxghD/[22m[32massets/addon-library-bc7ba705.png                   [39m[1m[2m467.37 kB[22m[1m[22m
[2m../../../Users/namah/AppData/Local/Temp/chromatic--17740-D5KTxxOkxghD/[22m[35massets/Header-a6911580.css                          [39m[1m[2m  0.51 kB[22m[1m[22m[2m │ gzip:   0.31 kB[22m
[2m../../../Users/namah/AppData/Local/Temp/chromatic--17740-D5KTxxOkxghD/[22m[35massets/Button-779a676c.css                          [39m[1m[2m  0.66 kB[22m[1m[22m[2m │ gzip:   0.35 kB[22m
[2m../../../Users/namah/AppData/Local/Temp/chromatic--17740-D5KTxxOkxghD/[22m[35massets/Page.stories-ece1482a.css                    [39m[1m[2m  0.93 kB[22m[1m[22m[2m │ gzip:   0.39 kB[22m
[2m../../../Users/namah/AppData/Local/Temp/chromatic--17740-D5KTxxOkxghD/[22m[36massets/preview-1e5c59db.js                          [39m[1m[2m  0.19 kB[22m[1m[22m[2m │ gzip:   0.19 kB[22m[2m │ map:     0.58 kB[22m
[2m../../../Users/namah/AppData/Local/Temp/chromatic--17740-D5KTxxOkxghD/[22m[36massets/index-d475d2ea.js                            [39m[1m[2m  0.21 kB[22m[1m[22m[2m │ gzip:   0.17 kB[22m[2m │ map:     0.81 kB[22m
[2m../../../Users/namah/AppData/Local/Temp/chromatic--17740-D5KTxxOkxghD/[22m[36massets/index-aefaebb0.js                            [39m[1m[2m  0.25 kB[22m[1m[22m[2m │ gzip:   0.20 kB[22m[2m │ map:     0.10 kB[22m
[2m../../../Users/namah/AppData/Local/Temp/chromatic--17740-D5KTxxOkxghD/[22m[36massets/chunk-MSDTXLE7-e8876087.js                   [39m[1m[2m  0.33 kB[22m[1m[22m[2m │ gzip:   0.28 kB[22m[2m │ map:     1.26 kB[22m
[2m../../../Users/namah/AppData/Local/Temp/chromatic--17740-D5KTxxOkxghD/[22m[36massets/WithTooltip-YBG737T3-283149e8.js             [39m[1m[2m  0.42 kB[22m[1m[22m[2m │ gzip:   0.26 kB[22m[2m │ map:     0.11 kB[22m
[2m../../../Users/namah/AppData/Local/Temp/chromatic--17740-D5KTxxOkxghD/[22m[36massets/syntaxhighlighter-4OVWVELQ-95131b7c.js       [39m[1m[2m  0.44 kB[22m[1m[22m[2m │ gzip:   0.28 kB[22m[2m │ map:     0.12 kB[22m
[2m../../../Users/namah/AppData/Local/Temp/chromatic--17740-D5KTxxOkxghD/[22m[36massets/index-e744116c.js                            [39m[1m[2m  0.53 kB[22m[1m[22m[2m │ gzip:   0.34 kB[22m[2m │ map:     4.26 kB[22m
[2m../../../Users/namah/AppData/Local/Temp/chromatic--17740-D5KTxxOkxghD/[22m[36massets/preview-886b7b1c.js                          [39m[1m[2m  0.54 kB[22m[1m[22m[2m │ gzip:   0.33 kB[22m[2m │ map:     0.51 kB[22m
[2m../../../Users/namah/AppData/Local/Temp/chromatic--17740-D5KTxxOkxghD/[22m[36massets/react-18-ba2f8a3a.js                         [39m[1m[2m  0.59 kB[22m[1m[22m[2m │ gzip:   0.38 kB[22m[2m │ map:     2.59 kB[22m
[2m../../../Users/namah/AppData/Local/Temp/chromatic--17740-D5KTxxOkxghD/[22m[36massets/preview-5ef354f3.js                          [39m[1m[2m  0.69 kB[22m[1m[22m[2m │ gzip:   0.49 kB[22m[2m │ map:     3.83 kB[22m
[2m../../../Users/namah/AppData/Local/Temp/chromatic--17740-D5KTxxOkxghD/[22m[36massets/_commonjsHelpers-de833af9.js                 [39m[1m[2m  0.75 kB[22m[1m[22m[2m │ gzip:   0.43 kB[22m[2m │ map:     0.11 kB[22m
[2m../../../Users/namah/AppData/Local/Temp/chromatic--17740-D5KTxxOkxghD/[22m[36massets/index-356e4a49.js                            [39m[1m[2m  0.81 kB[22m[1m[22m[2m │ gzip:   0.51 kB[22m[2m │ map:     3.25 kB[22m
[2m../../../Users/namah/AppData/Local/Temp/chromatic--17740-D5KTxxOkxghD/[22m[36massets/index-8d47fad6.js                            [39m[1m[2m  0.84 kB[22m[1m[22m[2m │ gzip:   0.55 kB[22m[2m │ map:     4.04 kB[22m
[2m../../../Users/namah/AppData/Local/Temp/chromatic--17740-D5KTxxOkxghD/[22m[36massets/preview-b79ea209.js                          [39m[1m[2m  0.90 kB[22m[1m[22m[2m │ gzip:   0.60 kB[22m[2m │ map:     2.90 kB[22m
[2m../../../Users/namah/AppData/Local/Temp/chromatic--17740-D5KTxxOkxghD/[22m[36massets/Header.stories-e4091dbe.js                   [39m[1m[2m  0.92 kB[22m[1m[22m[2m │ gzip:   0.49 kB[22m[2m │ map:     0.11 kB[22m
[2m../../../Users/namah/AppData/Local/Temp/chromatic--17740-D5KTxxOkxghD/[22m[36massets/jsx-runtime-e6a661ac.js                      [39m[1m[2m  1.02 kB[22m[1m[22m[2m │ gzip:   0.64 kB[22m[2m │ map:     2.27 kB[22m
[2m../../../Users/namah/AppData/Local/Temp/chromatic--17740-D5KTxxOkxghD/[22m[36massets/DocsRenderer-3PUGWF3O-4dc1bef9.js            [39m[1m[2m  1.28 kB[22m[1m[22m[2m │ gzip:   0.69 kB[22m[2m │ map:     2.57 kB[22m
[2m../../../Users/namah/AppData/Local/Temp/chromatic--17740-D5KTxxOkxghD/[22m[36massets/Button-1aa4192b.js                           [39m[1m[2m  1.48 kB[22m[1m[22m[2m │ gzip:   0.70 kB[22m[2m │ map:     1.87 kB[22m
[2m../../../Users/namah/AppData/Local/Temp/chromatic--17740-D5KTxxOkxghD/[22m[36massets/Header-bc75d684.js                           [39m[1m[2m  1.70 kB[22m[1m[22m[2m │ gzip:   0.83 kB[22m[2m │ map:     3.05 kB[22m
[2m../../../Users/namah/AppData/Local/Temp/chromatic--17740-D5KTxxOkxghD/[22m[36massets/Button.stories-a62b6cbb.js                   [39m[1m[2m  1.93 kB[22m[1m[22m[2m │ gzip:   0.69 kB[22m[2m │ map:     0.13 kB[22m
[2m../../../Users/namah/AppData/Local/Temp/chromatic--17740-D5KTxxOkxghD/[22m[36massets/preview-a60aa466.js                          [39m[1m[2m  2.40 kB[22m[1m[22m[2m │ gzip:   1.25 kB[22m[2m │ map:    10.89 kB[22m
[2m../../../Users/namah/AppData/Local/Temp/chromatic--17740-D5KTxxOkxghD/[22m[36massets/index-d37d4223.js                            [39m[1m[2m  2.63 kB[22m[1m[22m[2m │ gzip:   1.30 kB[22m[2m │ map:     7.46 kB[22m
[2m../../../Users/namah/AppData/Local/Temp/chromatic--17740-D5KTxxOkxghD/[22m[36massets/Git-DZ2D5ZUL-6ca74cd2.js                     [39m[1m[2m  3.06 kB[22m[1m[22m[2m │ gzip:   1.00 kB[22m[2m │ map:     7.18 kB[22m
[2m../../../Users/namah/AppData/Local/Temp/chromatic--17740-D5KTxxOkxghD/[22m[36massets/preview-770cc08b.js                          [39m[1m[2m  3.22 kB[22m[1m[22m[2m │ gzip:   1.39 kB[22m[2m │ map:    10.18 kB[22m
[2m../../../Users/namah/AppData/Local/Temp/chromatic--17740-D5KTxxOkxghD/[22m[36massets/Editing-7QFB6ZMG-a75b9a4e.js                 [39m[1m[2m  4.02 kB[22m[1m[22m[2m │ gzip:   1.12 kB[22m[2m │ map:    10.08 kB[22m
[2m../../../Users/namah/AppData/Local/Temp/chromatic--17740-D5KTxxOkxghD/[22m[36massets/iframe-33d5c35d.js                           [39m[1m[2m  5.02 kB[22m[1m[22m[2m │ gzip:   1.78 kB[22m[2m │ map:     5.22 kB[22m
[2m../../../Users/namah/AppData/Local/Temp/chromatic--17740-D5KTxxOkxghD/[22m[36massets/OS-YZ2Y4VYS-57059e39.js                      [39m[1m[2m  5.57 kB[22m[1m[22m[2m │ gzip:   2.20 kB[22m[2m │ map:     9.91 kB[22m
[2m../../../Users/namah/AppData/Local/Temp/chromatic--17740-D5KTxxOkxghD/[22m[36massets/index-61bf1805.js                            [39m[1m[2m  7.21 kB[22m[1m[22m[2m │ gzip:   2.95 kB[22m[2m │ map:    15.68 kB[22m
[2m../../../Users/namah/AppData/Local/Temp/chromatic--17740-D5KTxxOkxghD/[22m[36massets/People-OD4EV7WZ-e23c0f1f.js                  [39m[1m[2m  7.64 kB[22m[1m[22m[2m │ gzip:   2.20 kB[22m[2m │ map:    16.28 kB[22m
[2m../../../Users/namah/AppData/Local/Temp/chromatic--17740-D5KTxxOkxghD/[22m[36massets/preview-d8c963a4.js                          [39m[1m[2m  7.67 kB[22m[1m[22m[2m │ gzip:   1.60 kB[22m[2m │ map:    14.17 kB[22m
[2m../../../Users/namah/AppData/Local/Temp/chromatic--17740-D5KTxxOkxghD/[22m[36massets/Documents-SGWAY3KW-a46f097b.js               [39m[1m[2m  8.11 kB[22m[1m[22m[2m │ gzip:   1.61 kB[22m[2m │ map:    20.04 kB[22m
[2m../../../Users/namah/AppData/Local/Temp/chromatic--17740-D5KTxxOkxghD/[22m[36massets/preview-25cb0eda.js                          [39m[1m[2m  8.33 kB[22m[1m[22m[2m │ gzip:   3.21 kB[22m[2m │ map:    29.34 kB[22m
[2m../../../Users/namah/AppData/Local/Temp/chromatic--17740-D5KTxxOkxghD/[22m[36massets/Devices-SUYACUPO-5f5f7f3c.js                 [39m[1m[2m 11.12 kB[22m[1m[22m[2m │ gzip:   2.43 kB[22m[2m │ map:    24.76 kB[22m
[2m../../../Users/namah/AppData/Local/Temp/chromatic--17740-D5KTxxOkxghD/[22m[36massets/GlobalScrollAreaStyles-4LLX2B3H-2ab1a351.js  [39m[1m[2m 15.02 kB[22m[1m[22m[2m │ gzip:   2.79 kB[22m[2m │ map:    21.40 kB[22m
[2m../../../Users/namah/AppData/Local/Temp/chromatic--17740-D5KTxxOkxghD/[22m[36massets/Logos-SJTNNI74-dfca754f.js                   [39m[1m[2m 15.65 kB[22m[1m[22m[2m │ gzip:   5.34 kB[22m[2m │ map:    29.99 kB[22m
[2m../../../Users/namah/AppData/Local/Temp/chromatic--17740-D5KTxxOkxghD/[22m[36massets/Configure-e2d2172b.js                        [39m[1m[2m 17.00 kB[22m[1m[22m[2m │ gzip:   7.72 kB[22m[2m │ map:    26.21 kB[22m
[2m../../../Users/namah/AppData/Local/Temp/chromatic--17740-D5KTxxOkxghD/[22m[36massets/Wayfinding-BB4H7CHP-0d20a672.js              [39m[1m[2m 19.02 kB[22m[1m[22m[2m │ gzip:   3.75 kB[22m[2m │ map:    47.53 kB[22m
[2m../../../Users/namah/AppData/Local/Temp/chromatic--17740-D5KTxxOkxghD/[22m[36massets/Images-S2WTXNGG-1424b253.js                  [39m[1m[2m 20.72 kB[22m[1m[22m[2m │ gzip:   4.41 kB[22m[2m │ map:    49.03 kB[22m
[2m../../../Users/namah/AppData/Local/Temp/chromatic--17740-D5KTxxOkxghD/[22m[36massets/preview-d06fc6bf.js                          [39m[1m[2m 21.08 kB[22m[1m[22m[2m │ gzip:   6.99 kB[22m[2m │ map:    68.24 kB[22m
[2m../../../Users/namah/AppData/Local/Temp/chromatic--17740-D5KTxxOkxghD/[22m[36massets/Communicate-7JXCND2Z-d3f800fa.js             [39m[1m[2m 25.15 kB[22m[1m[22m[2m │ gzip:   6.58 kB[22m[2m │ map:    52.56 kB[22m
[2m../../../Users/namah/AppData/Local/Temp/chromatic--17740-D5KTxxOkxghD/[22m[36massets/CRUD-I5EZL2FS-97d62e3d.js                    [39m[1m[2m 26.35 kB[22m[1m[22m[2m │ gzip:   5.92 kB[22m[2m │ map:    59.44 kB[22m
[2m../../../Users/namah/AppData/Local/Temp/chromatic--17740-D5KTxxOkxghD/[22m[36massets/OverlayScrollbars-OL4C4TVX-03af70e8.js       [39m[1m[2m 28.95 kB[22m[1m[22m[2m │ gzip:  14.20 kB[22m[2m │ map:   108.12 kB[22m
[2m../../../Users/namah/AppData/Local/Temp/chromatic--17740-D5KTxxOkxghD/[22m[36massets/Color-6VNJS4EI-f113c03c.js                   [39m[1m[2m 31.03 kB[22m[1m[22m[2m │ gzip:  11.64 kB[22m[2m │ map:   112.47 kB[22m
[2m../../../Users/namah/AppData/Local/Temp/chromatic--17740-D5KTxxOkxghD/[22m[36massets/index-6a5bd4ef.js                            [39m[1m[2m212.55 kB[22m[1m[22m[2m │ gzip:  66.45 kB[22m[2m │ map:   650.83 kB[22m
[2m../../../Users/namah/AppData/Local/Temp/chromatic--17740-D5KTxxOkxghD/[22m[36massets/config-b26b6891.js                           [39m[1m[2m213.48 kB[22m[1m[22m[2m │ gzip:  66.35 kB[22m[2m │ map:   802.86 kB[22m
[2m../../../Users/namah/AppData/Local/Temp/chromatic--17740-D5KTxxOkxghD/[22m[36massets/Page.stories-91a06e28.js                     [39m[1m[2m307.23 kB[22m[1m[22m[2m │ gzip:  77.01 kB[22m[2m │ map: 1,128.80 kB[22m
[2m../../../Users/namah/AppData/Local/Temp/chromatic--17740-D5KTxxOkxghD/[22m[36massets/formatter-ZNWCFYAW-deed106a.js               [39m[1m[33m601.62 kB[39m[22m[2m │ gzip: 185.02 kB[22m[2m │ map: 1,318.59 kB[22m
[2m../../../Users/namah/AppData/Local/Temp/chromatic--17740-D5KTxxOkxghD/[22m[36massets/index-b8da2f29.js                            [39m[1m[33m639.83 kB[39m[22m[2m │ gzip: 195.55 kB[22m[2m │ map: 1,965.82 kB[22m
[33m
(!) Some chunks are larger than 500 kBs after minification. Consider:
- Using dynamic import() to code-split the application
- Use build.rollupOptions.output.manualChunks to improve chunking: https://rollupjs.org/configuration-options/#output-manualchunks
- Adjust chunk size limit for this warning via build.chunkSizeWarningLimit.[39m
[32m✓ built in 17.84s[39m
info => Output directory: C:\Users\namah\AppData\Local\Temp\chromatic--17740-D5KTxxOkxghD
